{"C:\\Users\\Camilo\\Documents\\Capta\\working-days-api\\src\\services\\workingDays.ts": {"path":"C:\\Users\\Camilo\\Documents\\Capta\\working-days-api\\src\\services\\workingDays.ts","statementMap":{"0":{"start":{"line":7,"column":0},"end":{"line":7,"column":7}},"1":{"start":{"line":2,"column":0},"end":{"line":2,"column":33}},"2":{"start":{"line":3,"column":0},"end":{"line":3,"column":26}},"3":{"start":{"line":5,"column":0},"end":{"line":5,"column":104}},"4":{"start":{"line":8,"column":19},"end":{"line":8,"column":49}},"5":{"start":{"line":9,"column":20},"end":{"line":11,"column":46}},"6":{"start":{"line":13,"column":16},"end":{"line":13,"column":56}},"7":{"start":{"line":15,"column":2},"end":{"line":17,"column":3}},"8":{"start":{"line":16,"column":4},"end":{"line":16,"column":61}},"9":{"start":{"line":19,"column":2},"end":{"line":21,"column":3}},"10":{"start":{"line":20,"column":4},"end":{"line":20,"column":63}},"11":{"start":{"line":23,"column":2},"end":{"line":23,"column":56}},"12":{"start":{"line":27,"column":14},"end":{"line":27,"column":86}},"13":{"start":{"line":28,"column":2},"end":{"line":28,"column":30}}},"fnMap":{"0":{"name":"calculateWorkingDate","decl":{"start":{"line":7,"column":22},"end":{"line":7,"column":42}},"loc":{"start":{"line":7,"column":62},"end":{"line":24,"column":1}}},"1":{"name":"fetchColombianHolidays","decl":{"start":{"line":26,"column":15},"end":{"line":26,"column":37}},"loc":{"start":{"line":26,"column":37},"end":{"line":29,"column":1}}}},"branchMap":{"0":{"loc":{"start":{"line":9,"column":20},"end":{"line":11,"column":46}},"type":"cond-expr","locations":[{"start":{"line":10,"column":6},"end":{"line":10,"column":78}},{"start":{"line":11,"column":6},"end":{"line":11,"column":46}}]},"1":{"loc":{"start":{"line":15,"column":2},"end":{"line":17,"column":3}},"type":"if","locations":[{"start":{"line":15,"column":2},"end":{"line":17,"column":3}},{"start":{},"end":{}}]},"2":{"loc":{"start":{"line":19,"column":2},"end":{"line":21,"column":3}},"type":"if","locations":[{"start":{"line":19,"column":2},"end":{"line":21,"column":3}},{"start":{},"end":{}}]},"3":{"loc":{"start":{"line":23,"column":17},"end":{"line":23,"column":53}},"type":"binary-expr","locations":[{"start":{"line":23,"column":17},"end":{"line":23,"column":47}},{"start":{"line":23,"column":51},"end":{"line":23,"column":53}}]}},"s":{"0":1,"1":1,"2":1,"3":1,"4":3,"5":3,"6":3,"7":3,"8":2,"9":3,"10":2,"11":3,"12":3,"13":3},"f":{"0":3,"1":3},"b":{"0":[3,0],"1":[2,1],"2":[2,1],"3":[3,0]}}
,"C:\\Users\\Camilo\\Documents\\Capta\\working-days-api\\src\\utils\\timeUtils.ts": {"path":"C:\\Users\\Camilo\\Documents\\Capta\\working-days-api\\src\\utils\\timeUtils.ts","statementMap":{"0":{"start":{"line":4,"column":0},"end":{"line":4,"column":16}},"1":{"start":{"line":10,"column":0},"end":{"line":10,"column":16}},"2":{"start":{"line":25,"column":0},"end":{"line":25,"column":16}},"3":{"start":{"line":37,"column":0},"end":{"line":37,"column":16}},"4":{"start":{"line":5,"column":20},"end":{"line":5,"column":36}},"5":{"start":{"line":6,"column":20},"end":{"line":6,"column":61}},"6":{"start":{"line":7,"column":2},"end":{"line":7,"column":34}},"7":{"start":{"line":11,"column":17},"end":{"line":11,"column":21}},"8":{"start":{"line":13,"column":2},"end":{"line":15,"column":3}},"9":{"start":{"line":14,"column":4},"end":{"line":14,"column":72}},"10":{"start":{"line":17,"column":15},"end":{"line":17,"column":28}},"11":{"start":{"line":18,"column":2},"end":{"line":18,"column":60}},"12":{"start":{"line":18,"column":16},"end":{"line":18,"column":60}},"13":{"start":{"line":19,"column":2},"end":{"line":19,"column":76}},"14":{"start":{"line":19,"column":31},"end":{"line":19,"column":76}},"15":{"start":{"line":20,"column":2},"end":{"line":20,"column":80}},"16":{"start":{"line":20,"column":18},"end":{"line":20,"column":80}},"17":{"start":{"line":22,"column":2},"end":{"line":22,"column":18}},"18":{"start":{"line":26,"column":16},"end":{"line":26,"column":20}},"19":{"start":{"line":27,"column":14},"end":{"line":27,"column":15}},"20":{"start":{"line":29,"column":2},"end":{"line":32,"column":3}},"21":{"start":{"line":30,"column":4},"end":{"line":30,"column":40}},"22":{"start":{"line":31,"column":4},"end":{"line":31,"column":49}},"23":{"start":{"line":31,"column":41},"end":{"line":31,"column":49}},"24":{"start":{"line":34,"column":2},"end":{"line":34,"column":63}},"25":{"start":{"line":38,"column":16},"end":{"line":38,"column":20}},"26":{"start":{"line":39,"column":18},"end":{"line":39,"column":23}},"27":{"start":{"line":41,"column":2},"end":{"line":66,"column":3}},"28":{"start":{"line":42,"column":4},"end":{"line":45,"column":5}},"29":{"start":{"line":43,"column":6},"end":{"line":43,"column":70}},"30":{"start":{"line":44,"column":6},"end":{"line":44,"column":15}},"31":{"start":{"line":47,"column":17},"end":{"line":47,"column":29}},"32":{"start":{"line":48,"column":19},"end":{"line":48,"column":33}},"33":{"start":{"line":50,"column":20},"end":{"line":50,"column":43}},"34":{"start":{"line":51,"column":4},"end":{"line":54,"column":5}},"35":{"start":{"line":52,"column":6},"end":{"line":52,"column":53}},"36":{"start":{"line":53,"column":6},"end":{"line":53,"column":15}},"37":{"start":{"line":56,"column":21},"end":{"line":56,"column":57}},"38":{"start":{"line":57,"column":29},"end":{"line":57,"column":70}},"39":{"start":{"line":59,"column":18},"end":{"line":59,"column":60}},"40":{"start":{"line":60,"column":4},"end":{"line":60,"column":47}},"41":{"start":{"line":61,"column":4},"end":{"line":61,"column":28}},"42":{"start":{"line":63,"column":4},"end":{"line":65,"column":5}},"43":{"start":{"line":64,"column":6},"end":{"line":64,"column":70}},"44":{"start":{"line":68,"column":2},"end":{"line":68,"column":17}}},"fnMap":{"0":{"name":"isWorkingDay","decl":{"start":{"line":4,"column":16},"end":{"line":4,"column":28}},"loc":{"start":{"line":4,"column":63},"end":{"line":8,"column":1}}},"1":{"name":"adjustToWorkingHour","decl":{"start":{"line":10,"column":16},"end":{"line":10,"column":35}},"loc":{"start":{"line":10,"column":70},"end":{"line":23,"column":1}}},"2":{"name":"addWorkingDays","decl":{"start":{"line":25,"column":16},"end":{"line":25,"column":30}},"loc":{"start":{"line":25,"column":79},"end":{"line":35,"column":1}}},"3":{"name":"addWorkingHours","decl":{"start":{"line":37,"column":16},"end":{"line":37,"column":31}},"loc":{"start":{"line":37,"column":81},"end":{"line":69,"column":1}}}},"branchMap":{"0":{"loc":{"start":{"line":6,"column":38},"end":{"line":6,"column":60}},"type":"binary-expr","locations":[{"start":{"line":6,"column":38},"end":{"line":6,"column":54}},{"start":{"line":6,"column":58},"end":{"line":6,"column":60}}]},"1":{"loc":{"start":{"line":7,"column":9},"end":{"line":7,"column":33}},"type":"binary-expr","locations":[{"start":{"line":7,"column":9},"end":{"line":7,"column":19}},{"start":{"line":7,"column":23},"end":{"line":7,"column":33}}]},"2":{"loc":{"start":{"line":18,"column":2},"end":{"line":18,"column":60}},"type":"if","locations":[{"start":{"line":18,"column":2},"end":{"line":18,"column":60}},{"start":{},"end":{}}]},"3":{"loc":{"start":{"line":19,"column":2},"end":{"line":19,"column":76}},"type":"if","locations":[{"start":{"line":19,"column":2},"end":{"line":19,"column":76}},{"start":{},"end":{}}]},"4":{"loc":{"start":{"line":19,"column":6},"end":{"line":19,"column":29}},"type":"binary-expr","locations":[{"start":{"line":19,"column":6},"end":{"line":19,"column":16}},{"start":{"line":19,"column":20},"end":{"line":19,"column":29}}]},"5":{"loc":{"start":{"line":20,"column":2},"end":{"line":20,"column":80}},"type":"if","locations":[{"start":{"line":20,"column":2},"end":{"line":20,"column":80}},{"start":{},"end":{}}]},"6":{"loc":{"start":{"line":31,"column":4},"end":{"line":31,"column":49}},"type":"if","locations":[{"start":{"line":31,"column":4},"end":{"line":31,"column":49}},{"start":{},"end":{}}]},"7":{"loc":{"start":{"line":42,"column":4},"end":{"line":45,"column":5}},"type":"if","locations":[{"start":{"line":42,"column":4},"end":{"line":45,"column":5}},{"start":{},"end":{}}]},"8":{"loc":{"start":{"line":50,"column":20},"end":{"line":50,"column":43}},"type":"binary-expr","locations":[{"start":{"line":50,"column":20},"end":{"line":50,"column":30}},{"start":{"line":50,"column":34},"end":{"line":50,"column":43}}]},"9":{"loc":{"start":{"line":51,"column":4},"end":{"line":54,"column":5}},"type":"if","locations":[{"start":{"line":51,"column":4},"end":{"line":54,"column":5}},{"start":{},"end":{}}]},"10":{"loc":{"start":{"line":63,"column":4},"end":{"line":65,"column":5}},"type":"if","locations":[{"start":{"line":63,"column":4},"end":{"line":65,"column":5}},{"start":{},"end":{}}]}},"s":{"0":1,"1":1,"2":1,"3":1,"4":7,"5":7,"6":7,"7":3,"8":3,"9":0,"10":3,"11":3,"12":0,"13":3,"14":0,"15":3,"16":0,"17":3,"18":2,"19":2,"20":2,"21":2,"22":2,"23":2,"24":2,"25":2,"26":2,"27":2,"28":2,"29":0,"30":0,"31":2,"32":2,"33":2,"34":2,"35":0,"36":0,"37":2,"38":2,"39":2,"40":2,"41":2,"42":2,"43":0,"44":2},"f":{"0":7,"1":3,"2":2,"3":2},"b":{"0":[7,0],"1":[7,7],"2":[0,3],"3":[0,3],"4":[3,0],"5":[0,3],"6":[2,0],"7":[0,2],"8":[2,0],"9":[0,2],"10":[0,2]}}
}
