TN:
SF:src\services\workingDays.ts
FN:7,calculateWorkingDate
FN:26,fetchColombianHolidays
FNF:2
FNH:2
FNDA:3,calculateWorkingDate
FNDA:3,fetchColombianHolidays
DA:2,1
DA:3,1
DA:5,1
DA:7,1
DA:8,3
DA:9,3
DA:13,3
DA:15,3
DA:16,2
DA:19,3
DA:20,2
DA:23,3
DA:27,3
DA:28,3
LF:14
LH:14
BRDA:9,0,0,3
BRDA:9,0,1,0
BRDA:15,1,0,2
BRDA:15,1,1,1
BRDA:19,2,0,2
BRDA:19,2,1,1
BRDA:23,3,0,3
BRDA:23,3,1,0
BRF:8
BRH:6
end_of_record
TN:
SF:src\utils\timeUtils.ts
FN:4,isWorkingDay
FN:10,adjustToWorkingHour
FN:25,addWorkingDays
FN:37,addWorkingHours
FNF:4
FNH:4
FNDA:7,isWorkingDay
FNDA:3,adjustToWorkingHour
FNDA:2,addWorkingDays
FNDA:2,addWorkingHours
DA:4,1
DA:5,7
DA:6,7
DA:7,7
DA:10,1
DA:11,3
DA:13,3
DA:14,0
DA:17,3
DA:18,3
DA:19,3
DA:20,3
DA:22,3
DA:25,1
DA:26,2
DA:27,2
DA:29,2
DA:30,2
DA:31,2
DA:34,2
DA:37,1
DA:38,2
DA:39,2
DA:41,2
DA:42,2
DA:43,0
DA:44,0
DA:47,2
DA:48,2
DA:50,2
DA:51,2
DA:52,0
DA:53,0
DA:56,2
DA:57,2
DA:59,2
DA:60,2
DA:61,2
DA:63,2
DA:64,0
DA:68,2
LF:41
LH:35
BRDA:6,0,0,7
BRDA:6,0,1,0
BRDA:7,1,0,7
BRDA:7,1,1,7
BRDA:18,2,0,0
BRDA:18,2,1,3
BRDA:19,3,0,0
BRDA:19,3,1,3
BRDA:19,4,0,3
BRDA:19,4,1,0
BRDA:20,5,0,0
BRDA:20,5,1,3
BRDA:31,6,0,2
BRDA:31,6,1,0
BRDA:42,7,0,0
BRDA:42,7,1,2
BRDA:50,8,0,2
BRDA:50,8,1,0
BRDA:51,9,0,0
BRDA:51,9,1,2
BRDA:63,10,0,0
BRDA:63,10,1,2
BRF:22
BRH:12
end_of_record
